<?xml version="1.0" encoding="UTF-8"?>
<!-- Generated by org.testng.reporters.JUnitReportReporter -->
<testsuite hostname="maya" failures="0" tests="1" name="com.actiTimeTestScript.TaskTest" time="14.936" errors="0" timestamp="2023-03-30T12:00:24 IST" skipped="0">
  <testcase classname="com.actiTimeTestScript.TaskTest" name="createcoustomer" time="14.936"/>
  <system-out/>
</testsuite> <!-- com.actiTimeTestScript.TaskTest -->
